\BOOKMARK [0][-]{Doc-Start}{\376\377\123\343\212\146\131\324\124\341\147\003\133\351\133\232\146\370}{}% 1
\BOOKMARK [0][-]{chapter*.1}{\376\377\201\364\213\035}{}% 2
\BOOKMARK [0][-]{chapter*.2}{\376\377\116\055\145\207\144\130\211\201}{}% 3
\BOOKMARK [0][-]{chapter*.3}{\376\377\000A\000b\000s\000t\000r\000a\000c\000t}{}% 4
\BOOKMARK [0][-]{chapter*.4}{\376\377\000C\000o\000n\000t\000e\000n\000t\000s}{}% 5
\BOOKMARK [0][-]{chapter*.5}{\376\377\000L\000i\000s\000t\000\040\000o\000f\000\040\000F\000i\000g\000u\000r\000e\000s}{}% 6
\BOOKMARK [0][-]{chapter*.6}{\376\377\000L\000i\000s\000t\000\040\000o\000f\000\040\000T\000a\000b\000l\000e\000s}{}% 7
\BOOKMARK [0][-]{chapter.1}{\376\377\000I\000n\000t\000r\000o\000d\000u\000c\000t\000i\000o\000n}{}% 8
\BOOKMARK [1][-]{section.1.1}{\376\377\000T\000h\000e\000s\000i\000s\000\040\000O\000v\000e\000r\000v\000i\000e\000w}{chapter.1}% 9
\BOOKMARK [0][-]{chapter.2}{\376\377\000R\000e\000l\000a\000t\000e\000d\000\040\000W\000o\000r\000k\000s}{}% 10
\BOOKMARK [1][-]{section.2.1}{\376\377\000C\000o\000n\000c\000u\000r\000r\000e\000n\000t\000\040\000P\000r\000o\000c\000e\000s\000s\000i\000n\000g}{chapter.2}% 11
\BOOKMARK [1][-]{section.2.2}{\376\377\000P\000r\000o\000b\000a\000b\000i\000l\000i\000s\000t\000i\000c\000\040\000P\000r\000o\000c\000e\000s\000s\000i\000n\000g}{chapter.2}% 12
\BOOKMARK [1][-]{section.2.3}{\376\377\000L\000e\000e\000W\000a\000v\000e}{chapter.2}% 13
\BOOKMARK [1][-]{section.2.4}{\376\377\000M\000s\000W\000a\000v\000e}{chapter.2}% 14
\BOOKMARK [1][-]{section.2.5}{\376\377\000O\000t\000h\000e\000r\000s}{chapter.2}% 15
\BOOKMARK [0][-]{chapter.3}{\376\377\000M\000e\000t\000h\000o\000d\000o\000l\000o\000g\000y}{}% 16
\BOOKMARK [1][-]{section.3.1}{\376\377\000P\000r\000o\000b\000l\000e\000m\000\040\000S\000e\000t\000u\000p}{chapter.3}% 17
\BOOKMARK [1][-]{section.3.2}{\376\377\000O\000v\000e\000r\000v\000i\000e\000w\000\040\000o\000f\000\040\000O\000u\000r\000\040\000F\000r\000a\000m\000e\000w\000o\000r\000k}{chapter.3}% 18
\BOOKMARK [1][-]{section.3.3}{\376\377\000O\000r\000t\000h\000o\000g\000o\000n\000a\000l\000\040\000T\000r\000a\000n\000s\000f\000o\000r\000m\000a\000t\000i\000o\000n}{chapter.3}% 19
\BOOKMARK [2][-]{subsection.3.3.1}{\376\377\000D\000e\000f\000i\000n\000i\000t\000i\000o\000n\000\040\000o\000f\000\040\000O\000r\000t\000o\000h\000o\000g\000o\000n\000a\000l\000\040\000T\000r\000a\000n\000s\000f\000o\000r\000m\000a\000t\000i\000o\000n}{section.3.3}% 20
\BOOKMARK [2][-]{subsection.3.3.2}{\376\377\000P\000r\000o\000p\000e\000r\000t\000y\000\040\000o\000f\000\040\000O\000r\000t\000h\000o\000g\000o\000n\000a\000l\000\040\000T\000r\000a\000n\000s\000f\000o\000r\000m\000a\000t\000i\000o\000n}{section.3.3}% 21
\BOOKMARK [1][-]{section.3.4}{\376\377\000E\000n\000h\000a\000n\000c\000e\000\040\000t\000h\000e\000\040\000B\000o\000u\000n\000d\000s\000\040\000b\000y\000\040\000t\000h\000e\000\040\000O\000r\000t\000h\000o\000g\000o\000n\000a\000l\000\040\000T\000r\000a\000n\000s\000f\000o\000r\000m\000a\000t\000i\000o\000n}{chapter.3}% 22
\BOOKMARK [2][-]{subsection.3.4.1}{\376\377\000T\000h\000e\000\040\000G\000o\000a\000l\000\040\000o\000f\000\040\000t\000h\000e\000\040\000F\000i\000r\000s\000t\000\040\000P\000h\000a\000s\000e}{section.3.4}% 23
\BOOKMARK [2][-]{subsection.3.4.2}{\376\377\000D\000e\000f\000i\000n\000i\000t\000i\000o\000n\000\040\000o\000f\000\040\000t\000h\000e\000\040\000B\000o\000u\000n\000d\000s}{section.3.4}% 24
\BOOKMARK [2][-]{subsection.3.4.3}{\376\377\000R\000e\000l\000a\000t\000i\000o\000n\000\040\000B\000e\000t\000w\000e\000e\000n\000\040\000t\000h\000e\000\040\000N\000o\000r\000m\000s\000\040\000a\000n\000d\000\040\000t\000h\000e\000\040\000B\000o\000u\000n\000d\000s}{section.3.4}% 25
\BOOKMARK [2][-]{subsection.3.4.4}{\376\377\000E\000q\000u\000i\000v\000a\000l\000e\000n\000t\000\040\000B\000o\000u\000n\000d\000s\000\040\000A\000f\000t\000e\000r\000\040\000T\000r\000a\000n\000s\000f\000o\000r\000m\000a\000t\000i\000o\000n}{section.3.4}% 26
\BOOKMARK [2][-]{subsection.3.4.5}{\376\377\000R\000e\000d\000u\000c\000e\000\040\000t\000h\000e\000\040\000N\000o\000r\000m\000\040\000w\000i\000t\000h\000\040\000O\000r\000t\000h\000o\000g\000o\000n\000a\000l\000\040\000T\000r\000a\000n\000s\000f\000o\000r\000m\000a\000t\000i\000o\000n}{section.3.4}% 27
\BOOKMARK [2][-]{subsection.3.4.6}{\376\377\000O\000p\000t\000i\000m\000i\000z\000e\000\040\000w\000i\000t\000h\000\040\000O\000r\000t\000h\000o\000g\000o\000n\000a\000l\000\040\000C\000o\000n\000s\000t\000r\000a\000i\000n\000t\000s}{section.3.4}% 28
\BOOKMARK [2][-]{subsection.3.4.7}{\376\377\000R\000e\000d\000u\000c\000e\000\040\000t\000h\000e\000\040\000C\000o\000s\000t\000\040\000o\000f\000\040\000S\000e\000n\000d\000i\000n\000g\000\040\000M\000a\000t\000r\000i\000c\000e\000s}{section.3.4}% 29
\BOOKMARK [1][-]{section.3.5}{\376\377\000P\000r\000u\000n\000e\000\040\000b\000y\000\040\000t\000h\000e\000\040\000B\000o\000u\000n\000d\000s}{chapter.3}% 30
\BOOKMARK [2][-]{subsection.3.5.1}{\376\377\000P\000r\000u\000n\000e\000\040\000t\000h\000e\000\040\000C\000a\000n\000d\000i\000d\000a\000t\000e\000s\000\040\000w\000i\000t\000h\000\040\000t\000h\000e\000\040\000B\000o\000u\000n\000d\000s}{section.3.5}% 31
\BOOKMARK [2][-]{subsection.3.5.2}{\376\377\000D\000e\000r\000i\000v\000a\000t\000i\000o\000n\000\040\000o\000f\000\040\000t\000h\000e\000\040\000B\000o\000u\000n\000d\000s}{section.3.5}% 32
\BOOKMARK [2][-]{subsection.3.5.3}{\376\377\000C\000a\000l\000c\000u\000l\000a\000t\000i\000o\000n\000\040\000o\000f\000\040\000t\000h\000e\000\040\000B\000o\000u\000n\000d\000s}{section.3.5}% 33
\BOOKMARK [2][-]{subsection.3.5.4}{\376\377\000F\000i\000n\000d\000\040\000t\000h\000e\000\040\000T\000h\000r\000e\000s\000h\000o\000l\000d\000\040\000i\000n\000\040\000D\000i\000s\000t\000r\000i\000b\000u\000t\000e\000d\000\040\000M\000a\000c\000h\000i\000n\000e\000s}{section.3.5}% 34
\BOOKMARK [1][-]{section.3.6}{\376\377\000D\000e\000c\000i\000d\000e\000\040\000t\000h\000e\000\040\000P\000i\000v\000o\000t\000s}{chapter.3}% 35
\BOOKMARK [2][-]{subsection.3.6.1}{\376\377\000E\000s\000t\000i\000m\000a\000t\000e\000\040\000t\000h\000e\000\040\000N\000u\000m\000b\000e\000r\000\040\000o\000f\000\040\000R\000e\000s\000i\000d\000u\000a\000l\000\040\000M\000a\000c\000h\000i\000n\000e\000s}{section.3.6}% 36
\BOOKMARK [2][-]{subsection.3.6.2}{\376\377\000E\000s\000t\000i\000m\000a\000t\000e\000\040\000t\000h\000e\000\040\000T\000r\000a\000n\000s\000m\000i\000s\000s\000i\000o\000n\000\040\000C\000o\000s\000t}{section.3.6}% 37
\BOOKMARK [2][-]{subsection.3.6.3}{\376\377\000C\000o\000o\000r\000d\000i\000n\000a\000t\000e\000\040\000D\000e\000s\000c\000e\000n\000t\000\040\000t\000o\000\040\000D\000e\000c\000i\000d\000e\000\040\000t\000h\000e\000\040\000P\000i\000v\000o\000t\000s}{section.3.6}% 38
\BOOKMARK [1][-]{section.3.7}{\376\377\000I\000m\000p\000o\000r\000t\000a\000n\000c\000e\000-\000S\000e\000l\000e\000c\000t\000i\000n\000g\000\040\000F\000u\000n\000c\000t\000i\000o\000n\000\040\000a\000n\000d\000\040\000O\000v\000e\000r\000a\000l\000l\000\040\000F\000r\000a\000m\000e\000w\000o\000r\000k}{chapter.3}% 39
\BOOKMARK [0][-]{chapter.4}{\376\377\000E\000x\000p\000e\000r\000i\000m\000e\000n\000t}{}% 40
\BOOKMARK [1][-]{section.4.1}{\376\377\000E\000x\000p\000e\000r\000i\000m\000e\000n\000t\000\040\000S\000e\000t\000u\000p}{chapter.4}% 41
\BOOKMARK [2][-]{subsection.4.1.1}{\376\377\000F\000r\000a\000m\000e\000w\000o\000r\000k\000s\000\040\000f\000o\000r\000\040\000C\000o\000m\000p\000a\000r\000i\000s\000o\000n}{section.4.1}% 42
\BOOKMARK [2][-]{subsection.4.1.2}{\376\377\000D\000a\000t\000a\000\040\000D\000e\000s\000c\000r\000i\000p\000t\000i\000o\000n}{section.4.1}% 43
\BOOKMARK [1][-]{section.4.2}{\376\377\000C\000o\000m\000p\000a\000r\000i\000s\000o\000n\000\040\000A\000m\000o\000n\000g\000\040\000a\000l\000l\000\040\000F\000r\000a\000m\000e\000w\000o\000r\000k\000s}{chapter.4}% 44
\BOOKMARK [1][-]{section.4.3}{\376\377\000C\000o\000m\000p\000a\000r\000i\000s\000o\000n\000\040\000A\000m\000o\000n\000g\000\040\000o\000u\000r\000\040\000F\000r\000a\000m\000e\000w\000o\000r\000k\000\040\000w\000i\000t\000h\000\040\000D\000i\000f\000f\000e\000r\000e\000n\000t\000\040\000C\000o\000n\000f\000i\000g\000u\000r\000a\000t\000i\000o\000n\000s}{chapter.4}% 45
\BOOKMARK [2][-]{subsection.4.3.1}{\376\377\000I\000n\000f\000l\000u\000e\000n\000c\000e\000\040\000o\000f\000\040\000t\000h\000e\000\040\000O\000r\000t\000h\000o\000g\000o\000n\000a\000l\000\040\000T\000r\000a\000n\000s\000f\000o\000r\000m\000a\000t\000i\000o\000n}{section.4.3}% 46
\BOOKMARK [2][-]{subsection.4.3.2}{\376\377\000I\000n\000f\000l\000u\000e\000n\000c\000e\000\040\000o\000f\000\040\000t\000h\000e\000\040\000T\000h\000r\000e\000s\000h\000o\000l\000d\000-\000F\000i\000n\000d\000i\000n\000g\000\040\000P\000r\000o\000c\000e\000d\000u\000r\000e}{section.4.3}% 47
\BOOKMARK [2][-]{subsection.4.3.3}{\376\377\000I\000n\000f\000l\000u\000e\000n\000c\000e\000\040\000o\000f\000\040\000t\000h\000e\000\040\000C\000o\000o\000r\000d\000i\000n\000a\000t\000e\000\040\000D\000e\000s\000c\000e\000n\000t\000\040\000f\000o\000r\000\040\000D\000e\000c\000i\000d\000i\000n\000g\000\040\000P\000i\000v\000o\000t\000s}{section.4.3}% 48
\BOOKMARK [1][-]{section.4.4}{\376\377\000P\000o\000w\000e\000r\000\040\000o\000f\000\040\000t\000h\000e\000\040\000P\000r\000u\000n\000i\000n\000g\000\040\000P\000r\000o\000c\000e\000d\000u\000r\000e}{chapter.4}% 49
\BOOKMARK [0][-]{section.4.4}{\376\377\000B\000i\000b\000l\000i\000o\000g\000r\000a\000p\000h\000y}{}% 50
